Processing output.samples
Structure 1: 2 15 4 3 6 1 
	-> 1 2 3 4 6 
Structure 2: 2 5 4 3 1 
	-> 1 2 3 4 5 
Structure 3: 2 4 3 16 1 
	-> 1 2 3 4 
Structure 4: 2 20 5 4 3 1 
	-> 1 2 3 4 5 
Structure 5: 2 5 4 3 10 11 1 
	-> 1 2 3 4 5 
Structure 6: 2 5 4 3 7 6 1 
	-> 1 2 3 4 5 6 7 
Structure 7: 2 4 3 7 6 1 
	-> 1 2 3 4 6 7 
Structure 8: 2 5 4 3 1 
	-> 1 2 3 4 5 
Structure 9: 2 5 4 3 1 
	-> 1 2 3 4 5 
Structure 10: 2 5 4 3 6 1 
	-> 1 2 3 4 5 6 
Structure 11: 2 4 3 7 6 1 
	-> 1 2 3 4 6 7 
Structure 12: 2 5 4 3 7 6 1 
	-> 1 2 3 4 5 6 7 
Structure 13: 2 5 4 3 7 6 1 
	-> 1 2 3 4 5 6 7 
Structure 14: 2 5 4 3 7 6 1 
	-> 1 2 3 4 5 6 7 
Structure 15: 2 5 4 3 17 6 1 
	-> 1 2 3 4 5 6 
Structure 16: 2 5 4 3 6 1 
	-> 1 2 3 4 5 6 
Structure 17: 2 5 4 3 6 1 
	-> 1 2 3 4 5 6 
Structure 18: 2 5 4 3 1 
	-> 1 2 3 4 5 
Structure 19: 2 5 4 3 1 
	-> 1 2 3 4 5 
Structure 20: 2 5 4 3 6 1 
	-> 1 2 3 4 5 6 
Structure 21: 2 5 4 3 1 
	-> 1 2 3 4 5 
Structure 22: 2 4 3 1 
	-> 1 2 3 4 
Structure 23: 2 8 3 7 6 1 
	-> 1 2 3 6 7 
Structure 24: 2 5 4 3 7 6 1 
	-> 1 2 3 4 5 6 7 
Structure 25: 2 4 3 6 1 
	-> 1 2 3 4 6 
Structure 26: 2 5 4 3 7 6 1 
	-> 1 2 3 4 5 6 7 
Structure 27: 2 23 3 1 
	-> 1 2 3 
Structure 28: 2 5 4 3 7 6 1 
	-> 1 2 3 4 5 6 7 
Structure 29: 2 5 4 3 6 1 
	-> 1 2 3 4 5 6 
Structure 30: 2 13 9 8 7 1 
	-> 1 2 7 
Structure 31: 2 5 4 3 11 1 
	-> 1 2 3 4 5 
Structure 32: 2 5 4 3 1 
	-> 1 2 3 4 5 
Structure 33: 2 5 4 3 6 1 
	-> 1 2 3 4 5 6 
Structure 34: 2 5 4 3 10 1 
	-> 1 2 3 4 5 
Structure 35: 2 13 9 8 14 1 
	-> 1 2 
Structure 36: 2 4 3 1 
	-> 1 2 3 4 
Structure 37: 2 5 4 3 1 
	-> 1 2 3 4 5 
Structure 38: 2 13 9 8 6 1 
	-> 1 2 6 
Structure 39: 2 4 3 16 1 
	-> 1 2 3 4 
Structure 40: 2 5 4 3 7 6 1 
	-> 1 2 3 4 5 6 7 
Structure 41: 2 5 4 3 7 6 1 
	-> 1 2 3 4 5 6 7 
Structure 42: 2 5 4 3 7 6 1 
	-> 1 2 3 4 5 6 7 
Structure 43: 2 4 3 1 
	-> 1 2 3 4 
Structure 44: 2 5 4 3 1 
	-> 1 2 3 4 5 
Structure 45: 2 5 4 3 7 6 1 
	-> 1 2 3 4 5 6 7 
Structure 46: 2 5 4 3 7 1 
	-> 1 2 3 4 5 7 
Structure 47: 2 19 3 1 
	-> 1 2 3 
Structure 48: 2 9 8 37 1 
	-> 1 2 
Structure 49: 2 5 4 3 1 
	-> 1 2 3 4 5 
Structure 50: 2 5 4 3 7 6 1 
	-> 1 2 3 4 5 6 7 
Structure 51: 2 5 4 3 1 
	-> 1 2 3 4 5 
Structure 52: 2 5 4 3 1 
	-> 1 2 3 4 5 
Structure 53: 2 5 4 3 7 6 1 
	-> 1 2 3 4 5 6 7 
Structure 54: 2 9 32 8 14 1 
	-> 1 2 
Structure 55: 2 4 3 7 6 1 
	-> 1 2 3 4 6 7 
Structure 56: 2 4 3 6 1 
	-> 1 2 3 4 6 
Structure 57: 2 4 3 1 
	-> 1 2 3 4 
Structure 58: 2 5 4 3 7 1 
	-> 1 2 3 4 5 7 
Structure 59: 2 5 4 3 7 6 1 
	-> 1 2 3 4 5 6 7 
Structure 60: 2 5 4 3 12 1 
	-> 1 2 3 4 5 
Structure 61: 2 5 4 3 7 6 1 
	-> 1 2 3 4 5 6 7 
Structure 62: 2 13 9 8 7 6 1 
	-> 1 2 6 7 
Structure 63: 2 5 4 3 7 6 1 
	-> 1 2 3 4 5 6 7 
Structure 64: 2 5 4 3 6 1 
	-> 1 2 3 4 5 6 
Structure 65: 2 5 4 3 7 6 1 
	-> 1 2 3 4 5 6 7 
Structure 66: 2 5 4 3 1 
	-> 1 2 3 4 5 
Structure 67: 2 9 8 14 1 
	-> 1 2 
Structure 68: 2 4 3 7 1 
	-> 1 2 3 4 7 
Structure 69: 2 5 4 3 7 6 1 
	-> 1 2 3 4 5 6 7 
Structure 70: 2 5 4 3 7 6 1 
	-> 1 2 3 4 5 6 7 
Structure 71: 2 5 4 3 6 1 
	-> 1 2 3 4 5 6 
Structure 72: 2 5 4 3 7 6 1 
	-> 1 2 3 4 5 6 7 
Structure 73: 2 5 4 3 12 1 
	-> 1 2 3 4 5 
Structure 74: 2 4 3 7 6 1 
	-> 1 2 3 4 6 7 
Structure 75: 2 4 3 7 6 1 
	-> 1 2 3 4 6 7 
Structure 76: 2 4 3 6 1 
	-> 1 2 3 4 6 
Structure 77: 2 4 3 7 6 1 
	-> 1 2 3 4 6 7 
Structure 78: 2 5 4 3 6 1 
	-> 1 2 3 4 5 6 
Structure 79: 2 5 4 3 17 1 
	-> 1 2 3 4 5 
Structure 80: 2 5 4 3 7 6 1 
	-> 1 2 3 4 5 6 7 
Structure 81: 2 5 4 3 6 1 
	-> 1 2 3 4 5 6 
Structure 82: 2 5 4 3 7 6 1 
	-> 1 2 3 4 5 6 7 
Structure 83: 2 5 4 3 6 1 
	-> 1 2 3 4 5 6 
Structure 84: 2 20 5 4 3 1 
	-> 1 2 3 4 5 
Structure 85: 2 4 3 7 6 1 
	-> 1 2 3 4 6 7 
Structure 86: 2 5 4 3 7 6 1 
	-> 1 2 3 4 5 6 7 
Structure 87: 2 5 4 3 10 11 1 
	-> 1 2 3 4 5 
Structure 88: 2 5 4 3 6 1 
	-> 1 2 3 4 5 6 
Structure 89: 2 5 4 3 6 1 
	-> 1 2 3 4 5 6 
Structure 90: 2 5 4 3 10 1 
	-> 1 2 3 4 5 
Structure 91: 2 5 4 3 17 1 
	-> 1 2 3 4 5 
Structure 92: 2 5 4 3 7 6 1 
	-> 1 2 3 4 5 6 7 
Structure 93: 2 22 21 3 1 
	-> 1 2 3 
Structure 94: 2 4 3 1 
	-> 1 2 3 4 
Structure 95: 2 4 38 3 6 1 
	-> 1 2 3 4 6 
Structure 96: 2 5 4 3 7 6 1 
	-> 1 2 3 4 5 6 7 
Structure 97: 2 5 4 3 1 
	-> 1 2 3 4 5 
Structure 98: 2 5 4 3 1 
	-> 1 2 3 4 5 
Structure 99: 2 5 4 3 1 
	-> 1 2 3 4 5 
Structure 100: 2 5 4 3 6 1 
	-> 1 2 3 4 5 6 
Structure 101: 2 5 4 3 6 1 
	-> 1 2 3 4 5 6 
Structure 102: 2 4 3 7 6 1 
	-> 1 2 3 4 6 7 
Structure 103: 25 39 26 40 27 5 4 1 
	-> 1 4 5 
Structure 104: 2 5 4 3 6 1 
	-> 1 2 3 4 5 6 
Structure 105: 2 5 4 3 7 6 1 
	-> 1 2 3 4 5 6 7 
Structure 106: 2 5 4 3 7 6 1 
	-> 1 2 3 4 5 6 7 
Structure 107: 2 9 8 14 1 
	-> 1 2 
Structure 108: 2 4 3 18 6 1 
	-> 1 2 3 4 6 
Structure 109: 2 5 4 3 1 
	-> 1 2 3 4 5 
Structure 110: 2 5 4 3 7 6 1 
	-> 1 2 3 4 5 6 7 
Structure 111: 2 5 4 1 
	-> 1 2 4 5 
Structure 112: 2 5 4 3 7 6 1 
	-> 1 2 3 4 5 6 7 
Structure 113: 2 9 8 41 7 6 1 
	-> 1 2 6 7 
Structure 114: 2 28 4 3 1 
	-> 1 2 3 4 
Structure 115: 2 5 4 3 7 6 1 
	-> 1 2 3 4 5 6 7 
Structure 116: 2 4 3 1 
	-> 1 2 3 4 
Structure 117: 2 5 4 3 10 1 
	-> 1 2 3 4 5 
Structure 118: 2 33 3 1 
	-> 1 2 3 
Structure 119: 2 5 4 3 7 6 1 
	-> 1 2 3 4 5 6 7 
Structure 120: 2 5 4 3 16 7 6 1 
	-> 1 2 3 4 5 6 7 
Structure 121: 2 4 3 18 6 1 
	-> 1 2 3 4 6 
Structure 122: 2 5 4 3 7 6 1 
	-> 1 2 3 4 5 6 7 
Structure 123: 2 13 9 8 6 1 
	-> 1 2 6 
Structure 124: 2 4 3 10 1 
	-> 1 2 3 4 
Structure 125: 2 5 4 3 29 1 
	-> 1 2 3 4 5 
Structure 126: 2 5 4 3 7 6 1 
	-> 1 2 3 4 5 6 7 
Structure 127: 2 4 3 6 1 
	-> 1 2 3 4 6 
Structure 128: 2 5 4 3 7 6 1 
	-> 1 2 3 4 5 6 7 
Structure 129: 2 5 4 3 1 
	-> 1 2 3 4 5 
Structure 130: 2 5 4 3 7 6 1 
	-> 1 2 3 4 5 6 7 
Structure 131: 2 5 4 3 7 6 1 
	-> 1 2 3 4 5 6 7 
Structure 132: 2 5 4 3 7 12 1 
	-> 1 2 3 4 5 7 
Structure 133: 2 13 9 8 7 6 1 
	-> 1 2 6 7 
Structure 134: 2 5 4 3 7 1 
	-> 1 2 3 4 5 7 
Structure 135: 2 13 9 8 7 6 1 
	-> 1 2 6 7 
Structure 136: 2 5 4 3 1 
	-> 1 2 3 4 5 
Structure 137: 2 5 4 3 7 6 1 
	-> 1 2 3 4 5 6 7 
Structure 138: 2 4 3 6 1 
	-> 1 2 3 4 6 
Structure 139: 2 5 4 3 10 6 1 
	-> 1 2 3 4 5 6 
Structure 140: 2 15 4 3 6 1 
	-> 1 2 3 4 6 
Structure 141: 2 4 3 1 
	-> 1 2 3 4 
Structure 142: 2 13 9 32 8 6 1 
	-> 1 2 6 
Structure 143: 2 8 3 6 1 
	-> 1 2 3 6 
Structure 144: 2 4 3 7 6 1 
	-> 1 2 3 4 6 7 
Structure 145: 2 4 3 6 1 
	-> 1 2 3 4 6 
Structure 146: 2 4 3 53 1 
	-> 1 2 3 4 
Structure 147: 2 5 4 3 1 30 
	-> 1 2 3 4 5 
Structure 148: 2 5 4 3 1 
	-> 1 2 3 4 5 
Structure 149: 2 5 4 3 42 1 
	-> 1 2 3 4 5 
Structure 150: 2 4 3 7 1 
	-> 1 2 3 4 7 
Structure 151: 54 2 5 4 3 1 
	-> 1 2 3 4 5 
Structure 152: 2 4 3 1 
	-> 1 2 3 4 
Structure 153: 2 5 4 3 1 
	-> 1 2 3 4 5 
Structure 154: 2 9 8 14 1 
	-> 1 2 
Structure 155: 2 5 4 3 1 
	-> 1 2 3 4 5 
Structure 156: 2 5 4 3 7 6 1 
	-> 1 2 3 4 5 6 7 
Structure 157: 2 13 9 8 6 1 
	-> 1 2 6 
Structure 158: 2 5 4 3 7 6 1 
	-> 1 2 3 4 5 6 7 
Structure 159: 2 9 8 7 6 1 
	-> 1 2 6 7 
Structure 160: 2 4 3 12 1 
	-> 1 2 3 4 
Structure 161: 2 3 6 1 
	-> 1 2 3 6 
Structure 162: 2 5 4 3 1 
	-> 1 2 3 4 5 
Structure 163: 2 5 4 3 6 1 
	-> 1 2 3 4 5 6 
Structure 164: 2 5 4 3 6 1 
	-> 1 2 3 4 5 6 
Structure 165: 2 5 4 3 10 6 1 
	-> 1 2 3 4 5 6 
Structure 166: 2 5 4 3 6 1 
	-> 1 2 3 4 5 6 
Structure 167: 2 5 4 3 6 1 
	-> 1 2 3 4 5 6 
Structure 168: 2 5 4 3 7 6 1 
	-> 1 2 3 4 5 6 7 
Structure 169: 2 5 4 3 6 1 
	-> 1 2 3 4 5 6 
Structure 170: 2 9 8 14 1 
	-> 1 2 
Structure 171: 2 5 4 3 7 6 1 
	-> 1 2 3 4 5 6 7 
Structure 172: 2 15 4 3 1 
	-> 1 2 3 4 
Structure 173: 2 5 4 3 10 11 1 
	-> 1 2 3 4 5 
Structure 174: 2 5 4 3 7 6 1 
	-> 1 2 3 4 5 6 7 
Structure 175: 2 5 4 3 7 6 1 
	-> 1 2 3 4 5 6 7 
Structure 176: 2 5 4 3 7 6 1 
	-> 1 2 3 4 5 6 7 
Structure 177: 2 5 4 3 7 6 1 
	-> 1 2 3 4 5 6 7 
Structure 178: 2 5 4 3 1 
	-> 1 2 3 4 5 
Structure 179: 2 9 8 14 1 
	-> 1 2 
Structure 180: 2 4 3 7 6 1 
	-> 1 2 3 4 6 7 
Structure 181: 2 4 3 6 1 
	-> 1 2 3 4 6 
Structure 182: 2 3 7 6 1 
	-> 1 2 3 6 7 
Structure 183: 2 4 3 7 1 
	-> 1 2 3 4 7 
Structure 184: 2 3 7 6 1 
	-> 1 2 3 6 7 
Structure 185: 2 5 4 3 17 1 
	-> 1 2 3 4 5 
Structure 186: 2 5 4 3 7 6 1 
	-> 1 2 3 4 5 6 7 
Structure 187: 2 5 4 3 6 1 
	-> 1 2 3 4 5 6 
Structure 188: 2 4 3 1 
	-> 1 2 3 4 
Structure 189: 25 34 26 35 27 5 4 6 1 
	-> 1 4 5 6 
Structure 190: 2 5 4 3 7 6 1 
	-> 1 2 3 4 5 6 7 
Structure 191: 2 5 4 3 7 6 1 
	-> 1 2 3 4 5 6 7 
Structure 192: 2 4 3 6 1 
	-> 1 2 3 4 6 
Structure 193: 2 5 4 3 16 6 1 
	-> 1 2 3 4 5 6 
Structure 194: 2 4 3 1 
	-> 1 2 3 4 
Structure 195: 2 5 4 3 7 1 
	-> 1 2 3 4 5 7 
Structure 196: 2 15 4 3 1 
	-> 1 2 3 4 
Structure 197: 2 8 3 7 6 1 
	-> 1 2 3 6 7 
Structure 198: 2 5 4 3 7 6 1 
	-> 1 2 3 4 5 6 7 
Structure 199: 2 5 4 3 11 1 
	-> 1 2 3 4 5 
Structure 200: 2 24 5 4 3 6 1 
	-> 1 2 3 4 5 6 
Structure 201: 2 4 3 12 1 
	-> 1 2 3 4 
Structure 202: 2 4 3 6 1 
	-> 1 2 3 4 6 
Structure 203: 2 5 4 3 1 
	-> 1 2 3 4 5 
Structure 204: 2 5 4 3 1 
	-> 1 2 3 4 5 
Structure 205: 2 4 3 1 
	-> 1 2 3 4 
Structure 206: 2 5 4 3 7 6 1 
	-> 1 2 3 4 5 6 7 
Structure 207: 2 4 3 1 
	-> 1 2 3 4 
Structure 208: 2 4 3 1 
	-> 1 2 3 4 
Structure 209: 2 5 4 3 1 
	-> 1 2 3 4 5 
Structure 210: 2 9 32 8 1 
	-> 1 2 
Structure 211: 2 5 4 3 7 6 1 
	-> 1 2 3 4 5 6 7 
Structure 212: 2 5 4 3 12 1 
	-> 1 2 3 4 5 
Structure 213: 2 5 4 3 7 6 1 
	-> 1 2 3 4 5 6 7 
Structure 214: 2 4 3 6 1 
	-> 1 2 3 4 6 
Structure 215: 2 5 4 3 1 
	-> 1 2 3 4 5 
Structure 216: 2 4 3 1 
	-> 1 2 3 4 
Structure 217: 2 5 4 3 6 1 
	-> 1 2 3 4 5 6 
Structure 218: 2 5 4 3 7 6 1 
	-> 1 2 3 4 5 6 7 
Structure 219: 2 5 4 3 7 6 1 
	-> 1 2 3 4 5 6 7 
Structure 220: 2 4 3 6 1 
	-> 1 2 3 4 6 
Structure 221: 2 5 4 3 7 1 
	-> 1 2 3 4 5 7 
Structure 222: 2 4 3 10 11 1 
	-> 1 2 3 4 
Structure 223: 2 5 4 3 17 1 
	-> 1 2 3 4 5 
Structure 224: 2 5 4 3 7 6 1 
	-> 1 2 3 4 5 6 7 
Structure 225: 2 5 4 3 7 6 1 
	-> 1 2 3 4 5 6 7 
Structure 226: 2 5 4 3 11 1 
	-> 1 2 3 4 5 
Structure 227: 2 5 4 3 7 6 1 
	-> 1 2 3 4 5 6 7 
Structure 228: 2 5 4 3 1 
	-> 1 2 3 4 5 
Structure 229: 2 5 4 3 6 1 
	-> 1 2 3 4 5 6 
Structure 230: 2 9 8 14 1 
	-> 1 2 
Structure 231: 2 5 4 3 10 1 
	-> 1 2 3 4 5 
Structure 232: 2 4 3 7 6 1 
	-> 1 2 3 4 6 7 
Structure 233: 2 4 3 12 1 
	-> 1 2 3 4 
Structure 234: 2 4 3 7 6 1 
	-> 1 2 3 4 6 7 
Structure 235: 2 4 3 17 36 1 
	-> 1 2 3 4 
Structure 236: 2 9 8 6 1 
	-> 1 2 6 
Structure 237: 2 5 4 3 1 
	-> 1 2 3 4 5 
Structure 238: 2 31 3 6 1 
	-> 1 2 3 6 
Structure 239: 2 43 3 7 6 1 
	-> 1 2 3 6 7 
Structure 240: 2 5 4 3 18 6 1 
	-> 1 2 3 4 5 6 
Structure 241: 2 4 3 1 
	-> 1 2 3 4 
Structure 242: 2 5 4 3 7 6 1 
	-> 1 2 3 4 5 6 7 
Structure 243: 2 5 4 3 12 1 
	-> 1 2 3 4 5 
Structure 244: 2 5 4 3 6 1 
	-> 1 2 3 4 5 6 
Structure 245: 2 5 4 3 6 1 
	-> 1 2 3 4 5 6 
Structure 246: 2 13 9 8 18 12 1 
	-> 1 2 
Structure 247: 2 5 4 3 1 
	-> 1 2 3 4 5 
Structure 248: 2 5 4 3 1 
	-> 1 2 3 4 5 
Structure 249: 2 5 4 3 7 6 1 
	-> 1 2 3 4 5 6 7 
Structure 250: 2 5 4 3 6 1 
	-> 1 2 3 4 5 6 
Structure 251: 2 4 3 6 1 
	-> 1 2 3 4 6 
Structure 252: 2 5 4 3 1 
	-> 1 2 3 4 5 
Structure 253: 2 5 4 3 6 1 
	-> 1 2 3 4 5 6 
Structure 254: 2 5 4 3 10 6 1 
	-> 1 2 3 4 5 6 
Structure 255: 2 5 4 3 17 1 
	-> 1 2 3 4 5 
Structure 256: 2 5 4 3 7 6 1 
	-> 1 2 3 4 5 6 7 
Structure 257: 2 4 3 1 
	-> 1 2 3 4 
Structure 258: 2 5 4 3 6 1 
	-> 1 2 3 4 5 6 
Structure 259: 2 5 4 3 6 1 
	-> 1 2 3 4 5 6 
Structure 260: 2 5 4 3 1 
	-> 1 2 3 4 5 
Structure 261: 2 55 9 8 11 1 
	-> 1 2 
Structure 262: 2 4 3 1 
	-> 1 2 3 4 
Structure 263: 2 3 1 
	-> 1 2 3 
Structure 264: 2 5 4 3 7 6 1 
	-> 1 2 3 4 5 6 7 
Structure 265: 2 4 3 6 1 
	-> 1 2 3 4 6 
Structure 266: 2 4 19 3 6 1 
	-> 1 2 3 4 6 
Structure 267: 2 5 4 3 7 6 1 
	-> 1 2 3 4 5 6 7 
Structure 268: 2 5 4 3 10 11 1 
	-> 1 2 3 4 5 
Structure 269: 2 5 4 3 7 1 
	-> 1 2 3 4 5 7 
Structure 270: 2 5 4 3 29 1 
	-> 1 2 3 4 5 
Structure 271: 2 5 4 3 1 
	-> 1 2 3 4 5 
Structure 272: 2 13 9 8 1 
	-> 1 2 
Structure 273: 2 5 4 3 6 1 
	-> 1 2 3 4 5 6 
Structure 274: 2 4 3 7 6 1 
	-> 1 2 3 4 6 7 
Structure 275: 2 5 4 3 6 1 
	-> 1 2 3 4 5 6 
Structure 276: 2 5 4 3 7 6 1 
	-> 1 2 3 4 5 6 7 
Structure 277: 2 4 3 7 6 1 
	-> 1 2 3 4 6 7 
Structure 278: 2 5 4 3 7 6 1 
	-> 1 2 3 4 5 6 7 
Structure 279: 2 5 4 3 1 
	-> 1 2 3 4 5 
Structure 280: 2 5 4 3 10 11 1 
	-> 1 2 3 4 5 
Structure 281: 2 13 9 8 7 6 1 
	-> 1 2 6 7 
Structure 282: 2 5 4 3 6 1 
	-> 1 2 3 4 5 6 
Structure 283: 2 5 4 3 12 1 
	-> 1 2 3 4 5 
Structure 284: 2 24 5 4 3 1 
	-> 1 2 3 4 5 
Structure 285: 2 4 3 1 
	-> 1 2 3 4 
Structure 286: 2 5 4 3 1 
	-> 1 2 3 4 5 
Structure 287: 2 5 4 3 18 6 1 
	-> 1 2 3 4 5 6 
Structure 288: 2 4 3 6 1 
	-> 1 2 3 4 6 
Structure 289: 2 5 4 3 6 1 
	-> 1 2 3 4 5 6 
Structure 290: 2 5 4 3 6 1 
	-> 1 2 3 4 5 6 
Structure 291: 2 15 4 3 6 1 
	-> 1 2 3 4 6 
Structure 292: 2 13 9 8 7 6 1 
	-> 1 2 6 7 
Structure 293: 2 4 19 3 6 1 
	-> 1 2 3 4 6 
Structure 294: 2 5 4 3 7 6 1 
	-> 1 2 3 4 5 6 7 
Structure 295: 2 5 4 3 1 
	-> 1 2 3 4 5 
Structure 296: 2 4 3 6 1 
	-> 1 2 3 4 6 
Structure 297: 2 8 3 17 1 
	-> 1 2 3 
Structure 298: 2 13 9 8 6 1 
	-> 1 2 6 
Structure 299: 2 4 3 7 6 1 
	-> 1 2 3 4 6 7 
Structure 300: 2 5 4 3 12 1 
	-> 1 2 3 4 5 
Structure 301: 2 23 19 3 16 12 1 
	-> 1 2 3 
Structure 302: 2 15 4 3 7 6 1 
	-> 1 2 3 4 6 7 
Structure 303: 2 5 4 3 1 
	-> 1 2 3 4 5 
Structure 304: 2 5 4 3 7 6 1 
	-> 1 2 3 4 5 6 7 
Structure 305: 2 5 4 3 6 1 
	-> 1 2 3 4 5 6 
Structure 306: 2 4 3 7 6 1 
	-> 1 2 3 4 6 7 
Structure 307: 2 5 4 3 7 6 1 
	-> 1 2 3 4 5 6 7 
Structure 308: 2 4 3 12 1 
	-> 1 2 3 4 
Structure 309: 2 5 4 3 1 
	-> 1 2 3 4 5 
Structure 310: 2 5 4 3 1 
	-> 1 2 3 4 5 
Structure 311: 2 4 3 6 1 
	-> 1 2 3 4 6 
Structure 312: 2 13 9 8 14 1 
	-> 1 2 
Structure 313: 2 5 4 3 1 
	-> 1 2 3 4 5 
Structure 314: 2 4 3 1 
	-> 1 2 3 4 
Structure 315: 2 44 4 3 1 
	-> 1 2 3 4 
Structure 316: 2 5 4 3 6 1 
	-> 1 2 3 4 5 6 
Structure 317: 2 13 9 8 7 6 1 
	-> 1 2 6 7 
Structure 318: 2 4 3 1 
	-> 1 2 3 4 
Structure 319: 2 23 3 1 
	-> 1 2 3 
Structure 320: 2 4 3 7 6 1 
	-> 1 2 3 4 6 7 
Structure 321: 2 5 4 3 7 6 1 
	-> 1 2 3 4 5 6 7 
Structure 322: 2 5 4 3 7 6 1 
	-> 1 2 3 4 5 6 7 
Structure 323: 2 5 4 3 7 6 1 
	-> 1 2 3 4 5 6 7 
Structure 324: 2 4 3 18 6 1 
	-> 1 2 3 4 6 
Structure 325: 2 5 4 3 1 
	-> 1 2 3 4 5 
Structure 326: 2 5 4 3 1 
	-> 1 2 3 4 5 
Structure 327: 2 5 4 3 1 
	-> 1 2 3 4 5 
Structure 328: 2 5 4 3 16 10 11 1 
	-> 1 2 3 4 5 
Structure 329: 2 5 4 3 1 
	-> 1 2 3 4 5 
Structure 330: 2 5 4 3 6 1 
	-> 1 2 3 4 5 6 
Structure 331: 2 5 4 3 7 6 1 
	-> 1 2 3 4 5 6 7 
Structure 332: 2 5 4 3 12 1 
	-> 1 2 3 4 5 
Structure 333: 2 5 4 3 7 6 1 
	-> 1 2 3 4 5 6 7 
Structure 334: 2 9 8 1 
	-> 1 2 
Structure 335: 2 9 8 1 
	-> 1 2 
Structure 336: 2 4 3 7 6 1 
	-> 1 2 3 4 6 7 
Structure 337: 2 3 7 6 1 
	-> 1 2 3 6 7 
Structure 338: 2 5 4 3 1 
	-> 1 2 3 4 5 
Structure 339: 2 5 4 3 12 1 
	-> 1 2 3 4 5 
Structure 340: 2 4 3 7 6 1 
	-> 1 2 3 4 6 7 
Structure 341: 2 4 3 1 
	-> 1 2 3 4 
Structure 342: 2 5 4 3 6 1 
	-> 1 2 3 4 5 6 
Structure 343: 2 28 4 3 1 
	-> 1 2 3 4 
Structure 344: 2 9 8 1 
	-> 1 2 
Structure 345: 2 4 3 6 1 
	-> 1 2 3 4 6 
Structure 346: 2 4 3 7 6 1 
	-> 1 2 3 4 6 7 
Structure 347: 2 5 4 3 1 
	-> 1 2 3 4 5 
Structure 348: 2 5 4 3 7 6 1 
	-> 1 2 3 4 5 6 7 
Structure 349: 2 5 4 3 1 
	-> 1 2 3 4 5 
Structure 350: 2 5 4 3 1 
	-> 1 2 3 4 5 
Structure 351: 2 5 4 3 1 
	-> 1 2 3 4 5 
Structure 352: 2 5 4 3 1 
	-> 1 2 3 4 5 
Structure 353: 2 9 8 14 1 
	-> 1 2 
Structure 354: 2 5 4 3 7 6 1 
	-> 1 2 3 4 5 6 7 
Structure 355: 2 9 8 14 1 
	-> 1 2 
Structure 356: 2 5 4 3 1 
	-> 1 2 3 4 5 
Structure 357: 2 5 4 3 6 1 
	-> 1 2 3 4 5 6 
Structure 358: 2 5 4 3 1 
	-> 1 2 3 4 5 
Structure 359: 2 5 4 3 1 
	-> 1 2 3 4 5 
Structure 360: 2 4 3 1 
	-> 1 2 3 4 
Structure 361: 2 5 4 3 10 1 
	-> 1 2 3 4 5 
Structure 362: 2 4 3 10 11 1 
	-> 1 2 3 4 
Structure 363: 2 4 3 10 11 1 
	-> 1 2 3 4 
Structure 364: 2 5 4 3 6 1 
	-> 1 2 3 4 5 6 
Structure 365: 2 4 19 3 1 
	-> 1 2 3 4 
Structure 366: 2 31 3 6 1 
	-> 1 2 3 6 
Structure 367: 2 4 3 7 6 1 
	-> 1 2 3 4 6 7 
Structure 368: 2 5 4 3 1 
	-> 1 2 3 4 5 
Structure 369: 2 5 4 3 6 1 
	-> 1 2 3 4 5 6 
Structure 370: 2 5 4 3 1 
	-> 1 2 3 4 5 
Structure 371: 2 5 4 3 1 
	-> 1 2 3 4 5 
Structure 372: 2 5 4 3 1 
	-> 1 2 3 4 5 
Structure 373: 2 5 4 3 7 1 
	-> 1 2 3 4 5 7 
Structure 374: 2 5 4 3 7 6 1 
	-> 1 2 3 4 5 6 7 
Structure 375: 2 5 4 3 6 1 
	-> 1 2 3 4 5 6 
Structure 376: 2 5 4 3 6 1 
	-> 1 2 3 4 5 6 
Structure 377: 2 5 4 3 1 
	-> 1 2 3 4 5 
Structure 378: 2 5 4 3 6 1 
	-> 1 2 3 4 5 6 
Structure 379: 2 5 4 3 7 6 1 
	-> 1 2 3 4 5 6 7 
Structure 380: 2 5 4 3 10 11 1 
	-> 1 2 3 4 5 
Structure 381: 2 5 4 3 1 
	-> 1 2 3 4 5 
Structure 382: 2 9 8 6 1 
	-> 1 2 6 
Structure 383: 2 31 3 1 
	-> 1 2 3 
Structure 384: 2 4 3 7 6 1 
	-> 1 2 3 4 6 7 
Structure 385: 2 5 4 3 1 
	-> 1 2 3 4 5 
Structure 386: 2 5 4 3 7 6 1 
	-> 1 2 3 4 5 6 7 
Structure 387: 2 5 4 3 17 1 
	-> 1 2 3 4 5 
Structure 388: 2 5 4 3 7 6 1 
	-> 1 2 3 4 5 6 7 
Structure 389: 2 5 4 3 6 1 
	-> 1 2 3 4 5 6 
Structure 390: 2 5 4 3 10 11 1 
	-> 1 2 3 4 5 
Structure 391: 2 5 4 3 7 6 1 
	-> 1 2 3 4 5 6 7 
Structure 392: 2 9 8 1 
	-> 1 2 
Structure 393: 2 5 4 3 7 6 1 
	-> 1 2 3 4 5 6 7 
Structure 394: 2 5 4 3 7 6 1 
	-> 1 2 3 4 5 6 7 
Structure 395: 2 9 8 14 1 
	-> 1 2 
Structure 396: 2 5 4 3 7 6 1 
	-> 1 2 3 4 5 6 7 
Structure 397: 2 9 8 6 1 
	-> 1 2 6 
Structure 398: 2 5 4 3 1 
	-> 1 2 3 4 5 
Structure 399: 2 5 4 3 7 6 1 
	-> 1 2 3 4 5 6 7 
Structure 400: 2 5 4 3 10 11 1 
	-> 1 2 3 4 5 
Structure 401: 2 5 4 3 7 6 1 
	-> 1 2 3 4 5 6 7 
Structure 402: 2 5 4 3 6 1 
	-> 1 2 3 4 5 6 
Structure 403: 2 5 4 3 1 
	-> 1 2 3 4 5 
Structure 404: 2 5 4 3 6 1 
	-> 1 2 3 4 5 6 
Structure 405: 2 5 4 3 12 1 
	-> 1 2 3 4 5 
Structure 406: 2 5 4 3 6 1 
	-> 1 2 3 4 5 6 
Structure 407: 2 5 4 3 7 6 1 
	-> 1 2 3 4 5 6 7 
Structure 408: 2 5 4 3 1 
	-> 1 2 3 4 5 
Structure 409: 2 5 4 3 6 1 
	-> 1 2 3 4 5 6 
Structure 410: 2 4 3 10 6 1 
	-> 1 2 3 4 6 
Structure 411: 2 5 4 3 1 
	-> 1 2 3 4 5 
Structure 412: 2 5 4 3 7 6 1 
	-> 1 2 3 4 5 6 7 
Structure 413: 2 15 4 3 7 6 1 
	-> 1 2 3 4 6 7 
Structure 414: 2 4 3 1 
	-> 1 2 3 4 
Structure 415: 2 5 4 3 6 1 
	-> 1 2 3 4 5 6 
Structure 416: 2 33 3 12 1 
	-> 1 2 3 
Structure 417: 2 5 4 3 7 6 1 
	-> 1 2 3 4 5 6 7 
Structure 418: 2 5 4 3 1 
	-> 1 2 3 4 5 
Structure 419: 2 5 4 3 6 1 
	-> 1 2 3 4 5 6 
Structure 420: 2 5 4 3 1 
	-> 1 2 3 4 5 
Structure 421: 2 5 4 3 6 1 
	-> 1 2 3 4 5 6 
Structure 422: 2 5 4 3 7 6 1 
	-> 1 2 3 4 5 6 7 
Structure 423: 2 5 4 3 7 6 1 
	-> 1 2 3 4 5 6 7 
Structure 424: 2 5 4 3 1 
	-> 1 2 3 4 5 
Structure 425: 2 15 4 3 1 
	-> 1 2 3 4 
Structure 426: 2 4 3 6 1 
	-> 1 2 3 4 6 
Structure 427: 2 5 4 3 17 6 1 
	-> 1 2 3 4 5 6 
Structure 428: 2 5 4 3 6 1 
	-> 1 2 3 4 5 6 
Structure 429: 2 5 4 3 1 
	-> 1 2 3 4 5 
Structure 430: 2 4 3 6 1 
	-> 1 2 3 4 6 
Structure 431: 2 9 8 14 1 
	-> 1 2 
Structure 432: 2 4 3 1 
	-> 1 2 3 4 
Structure 433: 2 5 4 3 6 1 
	-> 1 2 3 4 5 6 
Structure 434: 2 5 4 3 1 
	-> 1 2 3 4 5 
Structure 435: 2 5 4 3 7 6 1 
	-> 1 2 3 4 5 6 7 
Structure 436: 2 5 4 3 1 
	-> 1 2 3 4 5 
Structure 437: 2 24 5 4 3 1 
	-> 1 2 3 4 5 
Structure 438: 2 5 4 3 1 
	-> 1 2 3 4 5 
Structure 439: 2 4 3 1 
	-> 1 2 3 4 
Structure 440: 2 5 4 3 1 
	-> 1 2 3 4 5 
Structure 441: 2 4 3 7 6 1 
	-> 1 2 3 4 6 7 
Structure 442: 2 5 4 3 7 6 1 
	-> 1 2 3 4 5 6 7 
Structure 443: 2 4 3 7 1 
	-> 1 2 3 4 7 
Structure 444: 2 13 9 8 7 6 1 
	-> 1 2 6 7 
Structure 445: 2 5 3 7 6 1 
	-> 1 2 3 5 6 7 
Structure 446: 2 5 4 3 6 1 
	-> 1 2 3 4 5 6 
Structure 447: 2 4 3 7 6 1 
	-> 1 2 3 4 6 7 
Structure 448: 2 5 4 3 1 
	-> 1 2 3 4 5 
Structure 449: 2 5 4 3 42 1 
	-> 1 2 3 4 5 
Structure 450: 2 5 4 3 1 
	-> 1 2 3 4 5 
Structure 451: 2 5 4 3 1 
	-> 1 2 3 4 5 
Structure 452: 2 5 4 3 1 
	-> 1 2 3 4 5 
Structure 453: 2 5 4 3 7 6 1 
	-> 1 2 3 4 5 6 7 
Structure 454: 2 5 4 3 7 1 
	-> 1 2 3 4 5 7 
Structure 455: 2 5 4 3 1 
	-> 1 2 3 4 5 
Structure 456: 2 5 4 3 6 1 
	-> 1 2 3 4 5 6 
Structure 457: 2 9 8 11 1 
	-> 1 2 
Structure 458: 2 5 4 3 17 1 
	-> 1 2 3 4 5 
Structure 459: 2 22 45 3 46 
	-> 2 3 
Structure 460: 2 4 3 7 6 1 
	-> 1 2 3 4 6 7 
Structure 461: 2 9 8 14 1 
	-> 1 2 
Structure 462: 2 5 4 3 1 
	-> 1 2 3 4 5 
Structure 463: 2 4 3 10 11 1 
	-> 1 2 3 4 
Structure 464: 2 4 3 12 1 
	-> 1 2 3 4 
Structure 465: 2 5 4 3 6 1 
	-> 1 2 3 4 5 6 
Structure 466: 2 9 8 10 1 
	-> 1 2 
Structure 467: 2 22 21 3 16 1 
	-> 1 2 3 
Structure 468: 2 5 4 3 7 6 1 
	-> 1 2 3 4 5 6 7 
Structure 469: 2 5 4 3 7 6 1 
	-> 1 2 3 4 5 6 7 
Structure 470: 2 5 4 3 7 6 1 
	-> 1 2 3 4 5 6 7 
Structure 471: 2 4 3 7 6 1 
	-> 1 2 3 4 6 7 
Structure 472: 2 20 5 4 3 1 
	-> 1 2 3 4 5 
Structure 473: 2 9 8 7 6 1 
	-> 1 2 6 7 
Structure 474: 2 5 4 3 6 1 
	-> 1 2 3 4 5 6 
Structure 475: 2 5 4 3 7 6 1 
	-> 1 2 3 4 5 6 7 
Structure 476: 2 5 4 3 7 6 1 
	-> 1 2 3 4 5 6 7 
Structure 477: 2 5 4 3 10 11 1 
	-> 1 2 3 4 5 
Structure 478: 2 5 4 3 7 6 1 
	-> 1 2 3 4 5 6 7 
Structure 479: 2 4 3 11 1 
	-> 1 2 3 4 
Structure 480: 2 5 4 3 7 6 1 
	-> 1 2 3 4 5 6 7 
Structure 481: 2 8 3 7 6 1 
	-> 1 2 3 6 7 
Structure 482: 2 5 4 3 7 6 1 
	-> 1 2 3 4 5 6 7 
Structure 483: 2 5 4 3 10 11 1 
	-> 1 2 3 4 5 
Structure 484: 2 5 4 3 1 
	-> 1 2 3 4 5 
Structure 485: 2 5 4 3 6 1 
	-> 1 2 3 4 5 6 
Structure 486: 2 5 4 3 1 
	-> 1 2 3 4 5 
Structure 487: 2 5 4 3 1 
	-> 1 2 3 4 5 
Structure 488: 2 5 4 3 16 7 6 1 
	-> 1 2 3 4 5 6 7 
Structure 489: 2 5 4 3 10 1 
	-> 1 2 3 4 5 
Structure 490: 2 5 4 3 1 
	-> 1 2 3 4 5 
Structure 491: 2 4 3 7 1 
	-> 1 2 3 4 7 
Structure 492: 2 5 4 3 6 1 
	-> 1 2 3 4 5 6 
Structure 493: 2 5 4 3 6 1 
	-> 1 2 3 4 5 6 
Structure 494: 2 5 4 3 7 6 1 
	-> 1 2 3 4 5 6 7 
Structure 495: 2 5 4 3 6 1 
	-> 1 2 3 4 5 6 
Structure 496: 2 5 4 3 10 11 1 
	-> 1 2 3 4 5 
Structure 497: 2 5 4 3 1 
	-> 1 2 3 4 5 
Structure 498: 2 5 4 3 1 
	-> 1 2 3 4 5 
Structure 499: 2 5 4 3 10 11 1 
	-> 1 2 3 4 5 
Structure 500: 2 9 8 12 1 
	-> 1 2 
Structure 501: 2 4 3 1 
	-> 1 2 3 4 
Structure 502: 2 5 4 3 1 
	-> 1 2 3 4 5 
Structure 503: 2 5 4 3 1 
	-> 1 2 3 4 5 
Structure 504: 2 5 4 3 29 1 
	-> 1 2 3 4 5 
Structure 505: 2 4 21 3 1 
	-> 1 2 3 4 
Structure 506: 2 5 4 3 1 
	-> 1 2 3 4 5 
Structure 507: 2 5 4 3 1 
	-> 1 2 3 4 5 
Structure 508: 2 5 4 3 6 1 
	-> 1 2 3 4 5 6 
Structure 509: 2 4 3 1 
	-> 1 2 3 4 
Structure 510: 2 5 4 3 6 1 
	-> 1 2 3 4 5 6 
Structure 511: 2 5 4 3 7 6 1 
	-> 1 2 3 4 5 6 7 
Structure 512: 2 5 4 3 1 
	-> 1 2 3 4 5 
Structure 513: 2 3 7 6 1 
	-> 1 2 3 6 7 
Structure 514: 2 4 3 10 1 
	-> 1 2 3 4 
Structure 515: 2 5 4 3 6 1 
	-> 1 2 3 4 5 6 
Structure 516: 2 5 4 3 1 
	-> 1 2 3 4 5 
Structure 517: 2 4 3 10 1 
	-> 1 2 3 4 
Structure 518: 2 20 4 3 1 
	-> 1 2 3 4 
Structure 519: 2 5 4 3 6 1 
	-> 1 2 3 4 5 6 
Structure 520: 2 5 4 3 7 6 1 
	-> 1 2 3 4 5 6 7 
Structure 521: 2 13 9 8 1 
	-> 1 2 
Structure 522: 2 5 4 3 6 1 
	-> 1 2 3 4 5 6 
Structure 523: 2 5 4 3 6 1 
	-> 1 2 3 4 5 6 
Structure 524: 2 5 4 3 10 11 1 
	-> 1 2 3 4 5 
Structure 525: 2 5 4 3 7 6 1 
	-> 1 2 3 4 5 6 7 
Structure 526: 2 5 4 3 1 
	-> 1 2 3 4 5 
Structure 527: 2 5 4 3 7 6 1 
	-> 1 2 3 4 5 6 7 
Structure 528: 2 4 38 3 1 
	-> 1 2 3 4 
Structure 529: 2 5 4 3 6 1 
	-> 1 2 3 4 5 6 
Structure 530: 2 5 4 3 7 6 1 
	-> 1 2 3 4 5 6 7 
Structure 531: 2 5 4 3 6 1 
	-> 1 2 3 4 5 6 
Structure 532: 2 5 4 3 7 6 1 
	-> 1 2 3 4 5 6 7 
Structure 533: 2 5 4 3 6 1 
	-> 1 2 3 4 5 6 
Structure 534: 2 5 4 3 7 6 1 
	-> 1 2 3 4 5 6 7 
Structure 535: 2 4 3 10 11 1 
	-> 1 2 3 4 
Structure 536: 2 5 4 3 7 6 1 
	-> 1 2 3 4 5 6 7 
Structure 537: 2 5 4 3 10 11 1 
	-> 1 2 3 4 5 
Structure 538: 2 4 3 12 1 
	-> 1 2 3 4 
Structure 539: 2 5 4 3 1 
	-> 1 2 3 4 5 
Structure 540: 2 5 4 3 1 
	-> 1 2 3 4 5 
Structure 541: 2 5 4 3 7 6 1 
	-> 1 2 3 4 5 6 7 
Structure 542: 2 5 4 3 6 1 
	-> 1 2 3 4 5 6 
Structure 543: 2 4 3 1 
	-> 1 2 3 4 
Structure 544: 2 5 4 3 6 1 
	-> 1 2 3 4 5 6 
Structure 545: 2 5 4 3 7 6 1 
	-> 1 2 3 4 5 6 7 
Structure 546: 2 5 4 3 18 12 1 
	-> 1 2 3 4 5 
Structure 547: 2 4 3 1 
	-> 1 2 3 4 
Structure 548: 2 4 3 6 1 
	-> 1 2 3 4 6 
Structure 549: 2 23 3 7 6 1 
	-> 1 2 3 6 7 
Structure 550: 2 5 56 4 3 1 
	-> 1 2 3 4 5 
Structure 551: 2 4 3 1 
	-> 1 2 3 4 
Structure 552: 2 5 4 3 1 
	-> 1 2 3 4 5 
Structure 553: 2 5 4 3 7 6 1 
	-> 1 2 3 4 5 6 7 
Structure 554: 2 5 4 3 12 1 
	-> 1 2 3 4 5 
Structure 555: 2 5 4 3 1 
	-> 1 2 3 4 5 
Structure 556: 2 5 4 3 1 
	-> 1 2 3 4 5 
Structure 557: 2 20 5 4 3 6 1 
	-> 1 2 3 4 5 6 
Structure 558: 2 5 4 3 6 1 
	-> 1 2 3 4 5 6 
Structure 559: 2 4 3 6 1 
	-> 1 2 3 4 6 
Structure 560: 2 13 9 8 6 1 
	-> 1 2 6 
Structure 561: 2 5 4 3 6 1 
	-> 1 2 3 4 5 6 
Structure 562: 2 4 3 7 6 1 
	-> 1 2 3 4 6 7 
Structure 563: 2 5 4 3 7 6 1 
	-> 1 2 3 4 5 6 7 
Structure 564: 2 4 3 7 6 1 
	-> 1 2 3 4 6 7 
Structure 565: 2 5 4 3 7 6 1 
	-> 1 2 3 4 5 6 7 
Structure 566: 2 5 4 3 7 6 1 
	-> 1 2 3 4 5 6 7 
Structure 567: 2 9 8 14 1 
	-> 1 2 
Structure 568: 2 5 4 3 7 6 1 
	-> 1 2 3 4 5 6 7 
Structure 569: 2 5 4 3 7 6 1 
	-> 1 2 3 4 5 6 7 
Structure 570: 2 5 4 3 10 1 
	-> 1 2 3 4 5 
Structure 571: 2 5 4 3 1 
	-> 1 2 3 4 5 
Structure 572: 2 5 4 3 1 
	-> 1 2 3 4 5 
Structure 573: 2 5 4 3 1 
	-> 1 2 3 4 5 
Structure 574: 2 5 4 3 10 6 1 
	-> 1 2 3 4 5 6 
Structure 575: 2 5 4 3 7 6 1 
	-> 1 2 3 4 5 6 7 
Structure 576: 2 4 3 7 6 1 
	-> 1 2 3 4 6 7 
Structure 577: 2 13 9 8 7 6 1 
	-> 1 2 6 7 
Structure 578: 2 5 4 3 7 6 1 
	-> 1 2 3 4 5 6 7 
Structure 579: 2 5 4 3 1 
	-> 1 2 3 4 5 
Structure 580: 2 5 4 3 7 6 1 
	-> 1 2 3 4 5 6 7 
Structure 581: 2 4 3 11 1 
	-> 1 2 3 4 
Structure 582: 2 9 8 1 
	-> 1 2 
Structure 583: 2 9 8 14 1 
	-> 1 2 
Structure 584: 2 4 3 1 
	-> 1 2 3 4 
Structure 585: 2 5 4 3 1 
	-> 1 2 3 4 5 
Structure 586: 2 4 3 1 
	-> 1 2 3 4 
Structure 587: 2 9 8 14 1 
	-> 1 2 
Structure 588: 2 5 4 3 1 
	-> 1 2 3 4 5 
Structure 589: 2 13 9 8 6 1 
	-> 1 2 6 
Structure 590: 2 5 4 3 7 6 1 
	-> 1 2 3 4 5 6 7 
Structure 591: 2 5 4 3 16 7 6 1 
	-> 1 2 3 4 5 6 7 
Structure 592: 2 5 4 3 1 
	-> 1 2 3 4 5 
Structure 593: 2 4 3 10 1 
	-> 1 2 3 4 
Structure 594: 2 5 4 3 1 
	-> 1 2 3 4 5 
Structure 595: 2 3 18 1 
	-> 1 2 3 
Structure 596: 2 5 4 3 7 6 1 
	-> 1 2 3 4 5 6 7 
Structure 597: 2 5 4 3 1 
	-> 1 2 3 4 5 
Structure 598: 2 9 8 7 6 1 
	-> 1 2 6 7 
Structure 599: 2 4 3 1 
	-> 1 2 3 4 
Structure 600: 2 24 5 4 3 1 
	-> 1 2 3 4 5 
Structure 601: 2 5 4 3 7 6 1 
	-> 1 2 3 4 5 6 7 
Structure 602: 2 4 3 7 6 1 
	-> 1 2 3 4 6 7 
Structure 603: 2 4 3 1 
	-> 1 2 3 4 
Structure 604: 2 4 3 6 1 
	-> 1 2 3 4 6 
Structure 605: 2 47 48 19 3 1 
	-> 1 2 3 
Structure 606: 2 5 4 3 6 1 
	-> 1 2 3 4 5 6 
Structure 607: 2 5 4 3 7 6 1 
	-> 1 2 3 4 5 6 7 
Structure 608: 2 5 4 3 1 
	-> 1 2 3 4 5 
Structure 609: 2 8 3 7 6 1 
	-> 1 2 3 6 7 
Structure 610: 2 5 4 3 7 6 1 
	-> 1 2 3 4 5 6 7 
Structure 611: 2 5 4 3 6 1 
	-> 1 2 3 4 5 6 
Structure 612: 2 4 3 1 
	-> 1 2 3 4 
Structure 613: 2 5 4 3 7 6 1 
	-> 1 2 3 4 5 6 7 
Structure 614: 2 4 3 12 1 
	-> 1 2 3 4 
Structure 615: 2 31 21 3 1 
	-> 1 2 3 
Structure 616: 2 9 8 1 
	-> 1 2 
Structure 617: 2 23 3 7 6 1 
	-> 1 2 3 6 7 
Structure 618: 2 5 4 3 1 
	-> 1 2 3 4 5 
Structure 619: 2 5 4 3 7 6 1 
	-> 1 2 3 4 5 6 7 
Structure 620: 2 5 3 7 6 1 
	-> 1 2 3 5 6 7 
Structure 621: 2 5 4 3 7 6 1 
	-> 1 2 3 4 5 6 7 
Structure 622: 2 5 4 3 7 6 1 
	-> 1 2 3 4 5 6 7 
Structure 623: 2 4 3 7 6 1 
	-> 1 2 3 4 6 7 
Structure 624: 2 4 3 7 1 
	-> 1 2 3 4 7 
Structure 625: 2 13 9 8 6 1 
	-> 1 2 6 
Structure 626: 2 20 4 3 1 
	-> 1 2 3 4 
Structure 627: 2 15 4 3 6 1 
	-> 1 2 3 4 6 
Structure 628: 2 15 4 3 6 1 
	-> 1 2 3 4 6 
Structure 629: 2 5 4 3 16 6 1 
	-> 1 2 3 4 5 6 
Structure 630: 2 5 4 3 7 6 1 
	-> 1 2 3 4 5 6 7 
Structure 631: 2 3 7 6 1 
	-> 1 2 3 6 7 
Structure 632: 2 22 49 45 3 46 
	-> 2 3 
Structure 633: 2 5 4 3 1 
	-> 1 2 3 4 5 
Structure 634: 2 33 3 7 6 1 
	-> 1 2 3 6 7 
Structure 635: 2 5 4 3 6 1 
	-> 1 2 3 4 5 6 
Structure 636: 2 5 4 3 1 
	-> 1 2 3 4 5 
Structure 637: 2 5 4 3 7 6 1 
	-> 1 2 3 4 5 6 7 
Structure 638: 2 5 4 3 6 1 
	-> 1 2 3 4 5 6 
Structure 639: 2 24 5 4 3 6 1 
	-> 1 2 3 4 5 6 
Structure 640: 2 15 4 3 17 1 
	-> 1 2 3 4 
Structure 641: 2 5 4 3 1 
	-> 1 2 3 4 5 
Structure 642: 2 5 4 3 12 1 
	-> 1 2 3 4 5 
Structure 643: 2 5 4 3 6 1 
	-> 1 2 3 4 5 6 
Structure 644: 2 5 4 3 1 
	-> 1 2 3 4 5 
Structure 645: 2 5 4 3 1 
	-> 1 2 3 4 5 
Structure 646: 2 5 4 3 11 1 
	-> 1 2 3 4 5 
Structure 647: 2 4 3 6 1 
	-> 1 2 3 4 6 
Structure 648: 2 5 4 3 7 6 1 
	-> 1 2 3 4 5 6 7 
Structure 649: 2 4 3 1 
	-> 1 2 3 4 
Structure 650: 2 5 4 3 11 1 
	-> 1 2 3 4 5 
Structure 651: 2 4 3 6 1 
	-> 1 2 3 4 6 
Structure 652: 2 4 3 7 6 1 
	-> 1 2 3 4 6 7 
Structure 653: 2 4 3 6 1 
	-> 1 2 3 4 6 
Structure 654: 2 5 4 3 1 
	-> 1 2 3 4 5 
Structure 655: 2 5 4 3 7 6 1 
	-> 1 2 3 4 5 6 7 
Structure 656: 2 4 3 1 
	-> 1 2 3 4 
Structure 657: 2 4 3 16 1 
	-> 1 2 3 4 
Structure 658: 2 5 4 3 6 1 
	-> 1 2 3 4 5 6 
Structure 659: 2 47 19 3 1 
	-> 1 2 3 
Structure 660: 2 20 5 4 3 1 
	-> 1 2 3 4 5 
Structure 661: 2 4 3 7 6 1 
	-> 1 2 3 4 6 7 
Structure 662: 2 5 4 3 11 1 
	-> 1 2 3 4 5 
Structure 663: 2 19 3 1 
	-> 1 2 3 
Structure 664: 2 4 3 1 
	-> 1 2 3 4 
Structure 665: 2 5 4 3 7 6 1 
	-> 1 2 3 4 5 6 7 
Structure 666: 2 5 4 3 12 1 
	-> 1 2 3 4 5 
Structure 667: 2 5 4 3 16 1 
	-> 1 2 3 4 5 
Structure 668: 2 4 3 7 6 1 
	-> 1 2 3 4 6 7 
Structure 669: 2 5 4 3 7 6 1 
	-> 1 2 3 4 5 6 7 
Structure 670: 2 4 50 3 1 
	-> 1 2 3 4 
Structure 671: 2 5 4 3 16 11 1 
	-> 1 2 3 4 5 
Structure 672: 2 5 4 3 7 1 
	-> 1 2 3 4 5 7 
Structure 673: 2 5 4 3 7 6 1 
	-> 1 2 3 4 5 6 7 
Structure 674: 2 5 4 3 6 1 
	-> 1 2 3 4 5 6 
Structure 675: 2 5 4 3 1 
	-> 1 2 3 4 5 
Structure 676: 2 5 4 3 1 
	-> 1 2 3 4 5 
Structure 677: 2 5 4 3 1 
	-> 1 2 3 4 5 
Structure 678: 2 5 4 3 18 6 1 
	-> 1 2 3 4 5 6 
Structure 679: 2 5 4 3 6 1 
	-> 1 2 3 4 5 6 
Structure 680: 2 13 9 8 29 11 1 
	-> 1 2 
Structure 681: 2 5 4 3 1 
	-> 1 2 3 4 5 
Structure 682: 2 5 4 3 1 
	-> 1 2 3 4 5 
Structure 683: 2 5 4 3 7 6 1 
	-> 1 2 3 4 5 6 7 
Structure 684: 2 9 8 6 1 
	-> 1 2 6 
Structure 685: 2 4 3 12 1 
	-> 1 2 3 4 
Structure 686: 2 5 4 3 7 6 1 
	-> 1 2 3 4 5 6 7 
Structure 687: 2 5 4 3 1 
	-> 1 2 3 4 5 
Structure 688: 2 5 4 3 7 6 1 
	-> 1 2 3 4 5 6 7 
Structure 689: 2 4 3 1 
	-> 1 2 3 4 
Structure 690: 2 4 3 6 1 
	-> 1 2 3 4 6 
Structure 691: 2 5 4 3 1 
	-> 1 2 3 4 5 
Structure 692: 2 5 4 3 7 11 1 
	-> 1 2 3 4 5 7 
Structure 693: 2 22 57 58 21 3 51 
	-> 2 3 
Structure 694: 2 5 4 3 1 
	-> 1 2 3 4 5 
Structure 695: 2 5 4 3 1 
	-> 1 2 3 4 5 
Structure 696: 2 5 4 3 7 6 1 
	-> 1 2 3 4 5 6 7 
Structure 697: 2 5 4 3 7 6 1 
	-> 1 2 3 4 5 6 7 
Structure 698: 2 5 4 3 7 6 1 
	-> 1 2 3 4 5 6 7 
Structure 699: 2 5 4 3 10 11 1 
	-> 1 2 3 4 5 
Structure 700: 2 5 4 3 7 6 1 
	-> 1 2 3 4 5 6 7 
Structure 701: 2 5 4 3 1 
	-> 1 2 3 4 5 
Structure 702: 2 4 3 7 6 1 
	-> 1 2 3 4 6 7 
Structure 703: 2 5 4 3 18 12 1 
	-> 1 2 3 4 5 
Structure 704: 2 5 4 3 7 6 1 
	-> 1 2 3 4 5 6 7 
Structure 705: 2 3 1 
	-> 1 2 3 
Structure 706: 2 4 3 12 1 
	-> 1 2 3 4 
Structure 707: 2 5 4 3 10 11 1 
	-> 1 2 3 4 5 
Structure 708: 2 4 3 6 1 
	-> 1 2 3 4 6 
Structure 709: 2 5 4 3 1 
	-> 1 2 3 4 5 
Structure 710: 2 5 4 3 6 1 
	-> 1 2 3 4 5 6 
Structure 711: 2 5 4 3 6 1 
	-> 1 2 3 4 5 6 
Structure 712: 2 5 4 3 6 1 
	-> 1 2 3 4 5 6 
Structure 713: 2 4 3 1 30 
	-> 1 2 3 4 
Structure 714: 25 34 26 40 27 5 4 10 6 1 
	-> 1 4 5 6 
Structure 715: 2 5 4 3 10 6 1 
	-> 1 2 3 4 5 6 
Structure 716: 2 5 4 3 7 6 1 
	-> 1 2 3 4 5 6 7 
Structure 717: 2 5 4 3 6 1 
	-> 1 2 3 4 5 6 
Structure 718: 2 5 4 3 1 
	-> 1 2 3 4 5 
Structure 719: 2 5 4 3 6 1 
	-> 1 2 3 4 5 6 
Structure 720: 2 4 19 3 6 1 
	-> 1 2 3 4 6 
Structure 721: 2 5 4 3 7 6 1 
	-> 1 2 3 4 5 6 7 
Structure 722: 2 5 4 3 6 1 
	-> 1 2 3 4 5 6 
Structure 723: 2 5 4 3 1 
	-> 1 2 3 4 5 
Structure 724: 2 5 4 3 1 
	-> 1 2 3 4 5 
Structure 725: 2 4 3 6 1 
	-> 1 2 3 4 6 
Structure 726: 2 5 4 3 6 1 
	-> 1 2 3 4 5 6 
Structure 727: 2 5 4 3 1 
	-> 1 2 3 4 5 
Structure 728: 2 4 3 1 
	-> 1 2 3 4 
Structure 729: 2 5 4 3 6 1 
	-> 1 2 3 4 5 6 
Structure 730: 2 5 4 3 6 1 
	-> 1 2 3 4 5 6 
Structure 731: 2 5 4 3 10 11 1 
	-> 1 2 3 4 5 
Structure 732: 2 15 4 3 6 1 
	-> 1 2 3 4 6 
Structure 733: 2 5 4 3 6 1 
	-> 1 2 3 4 5 6 
Structure 734: 2 5 4 3 7 1 
	-> 1 2 3 4 5 7 
Structure 735: 2 4 3 7 6 1 
	-> 1 2 3 4 6 7 
Structure 736: 2 23 3 10 1 
	-> 1 2 3 
Structure 737: 2 5 4 3 1 
	-> 1 2 3 4 5 
Structure 738: 2 5 4 3 6 1 
	-> 1 2 3 4 5 6 
Structure 739: 2 5 4 3 6 1 
	-> 1 2 3 4 5 6 
Structure 740: 2 5 4 3 1 
	-> 1 2 3 4 5 
Structure 741: 2 5 4 3 7 6 1 
	-> 1 2 3 4 5 6 7 
Structure 742: 2 13 9 8 7 6 1 
	-> 1 2 6 7 
Structure 743: 2 5 4 3 6 1 
	-> 1 2 3 4 5 6 
Structure 744: 2 5 4 3 6 1 
	-> 1 2 3 4 5 6 
Structure 745: 2 5 4 3 7 6 1 
	-> 1 2 3 4 5 6 7 
Structure 746: 2 5 4 3 1 
	-> 1 2 3 4 5 
Structure 747: 2 4 3 6 1 
	-> 1 2 3 4 6 
Structure 748: 2 5 4 3 1 
	-> 1 2 3 4 5 
Structure 749: 2 59 4 3 6 1 
	-> 1 2 3 4 6 
Structure 750: 2 9 8 14 1 
	-> 1 2 
Structure 751: 2 4 3 1 
	-> 1 2 3 4 
Structure 752: 2 5 4 3 1 
	-> 1 2 3 4 5 
Structure 753: 2 4 3 1 
	-> 1 2 3 4 
Structure 754: 2 5 4 3 6 1 
	-> 1 2 3 4 5 6 
Structure 755: 2 5 4 3 1 
	-> 1 2 3 4 5 
Structure 756: 2 5 4 3 7 6 1 
	-> 1 2 3 4 5 6 7 
Structure 757: 2 5 4 3 1 
	-> 1 2 3 4 5 
Structure 758: 2 4 3 6 1 
	-> 1 2 3 4 6 
Structure 759: 2 5 4 3 6 1 
	-> 1 2 3 4 5 6 
Structure 760: 2 5 4 3 10 1 
	-> 1 2 3 4 5 
Structure 761: 2 44 52 8 3 1 
	-> 1 2 3 
Structure 762: 2 15 4 3 1 
	-> 1 2 3 4 
Structure 763: 2 5 4 3 7 6 1 
	-> 1 2 3 4 5 6 7 
Structure 764: 2 5 4 3 1 
	-> 1 2 3 4 5 
Structure 765: 2 5 4 3 1 
	-> 1 2 3 4 5 
Structure 766: 2 5 4 3 7 6 1 
	-> 1 2 3 4 5 6 7 
Structure 767: 2 4 3 7 6 1 
	-> 1 2 3 4 6 7 
Structure 768: 2 5 4 3 6 1 
	-> 1 2 3 4 5 6 
Structure 769: 2 5 4 3 6 1 
	-> 1 2 3 4 5 6 
Structure 770: 2 5 4 3 6 1 
	-> 1 2 3 4 5 6 
Structure 771: 2 19 3 6 1 
	-> 1 2 3 6 
Structure 772: 2 5 4 3 7 6 1 
	-> 1 2 3 4 5 6 7 
Structure 773: 2 5 4 3 7 6 1 
	-> 1 2 3 4 5 6 7 
Structure 774: 2 5 4 3 7 1 
	-> 1 2 3 4 5 7 
Structure 775: 2 4 3 7 6 1 
	-> 1 2 3 4 6 7 
Structure 776: 2 5 4 3 1 
	-> 1 2 3 4 5 
Structure 777: 2 4 3 10 1 
	-> 1 2 3 4 
Structure 778: 2 5 4 3 1 
	-> 1 2 3 4 5 
Structure 779: 2 8 3 10 6 1 
	-> 1 2 3 6 
Structure 780: 2 4 3 1 
	-> 1 2 3 4 
Structure 781: 2 4 3 1 
	-> 1 2 3 4 
Structure 782: 2 5 4 3 1 
	-> 1 2 3 4 5 
Structure 783: 2 5 4 3 7 6 1 
	-> 1 2 3 4 5 6 7 
Structure 784: 2 5 4 3 7 6 1 
	-> 1 2 3 4 5 6 7 
Structure 785: 2 4 3 10 11 1 30 
	-> 1 2 3 4 
Structure 786: 2 60 48 3 1 
	-> 1 2 3 
Structure 787: 2 20 5 4 3 1 
	-> 1 2 3 4 5 
Structure 788: 2 5 4 3 16 17 36 1 
	-> 1 2 3 4 5 
Structure 789: 2 24 5 4 3 1 
	-> 1 2 3 4 5 
Structure 790: 2 5 4 3 29 1 
	-> 1 2 3 4 5 
Structure 791: 2 22 61 21 3 1 
	-> 1 2 3 
Structure 792: 2 5 4 3 7 1 
	-> 1 2 3 4 5 7 
Structure 793: 2 5 4 3 1 
	-> 1 2 3 4 5 
Structure 794: 2 5 4 3 1 
	-> 1 2 3 4 5 
Structure 795: 2 5 4 3 6 1 
	-> 1 2 3 4 5 6 
Structure 796: 2 5 4 3 1 
	-> 1 2 3 4 5 
Structure 797: 2 4 3 7 6 1 
	-> 1 2 3 4 6 7 
Structure 798: 2 9 62 8 63 1 
	-> 1 2 
Structure 799: 2 5 4 3 6 1 
	-> 1 2 3 4 5 6 
Structure 800: 2 5 4 3 10 11 1 
	-> 1 2 3 4 5 
Structure 801: 2 4 3 1 
	-> 1 2 3 4 
Structure 802: 2 5 4 3 1 
	-> 1 2 3 4 5 
Structure 803: 2 5 4 3 11 1 
	-> 1 2 3 4 5 
Structure 804: 2 5 4 3 7 6 1 
	-> 1 2 3 4 5 6 7 
Structure 805: 2 5 4 3 10 11 1 
	-> 1 2 3 4 5 
Structure 806: 2 4 3 6 1 
	-> 1 2 3 4 6 
Structure 807: 2 4 3 7 6 1 
	-> 1 2 3 4 6 7 
Structure 808: 2 4 3 1 
	-> 1 2 3 4 
Structure 809: 2 5 4 3 1 
	-> 1 2 3 4 5 
Structure 810: 2 3 6 1 
	-> 1 2 3 6 
Structure 811: 2 5 4 3 7 6 1 
	-> 1 2 3 4 5 6 7 
Structure 812: 2 5 4 3 1 
	-> 1 2 3 4 5 
Structure 813: 2 5 4 3 1 
	-> 1 2 3 4 5 
Structure 814: 2 52 33 3 1 
	-> 1 2 3 
Structure 815: 2 5 4 3 1 
	-> 1 2 3 4 5 
Structure 816: 2 5 4 3 1 
	-> 1 2 3 4 5 
Structure 817: 2 4 3 1 
	-> 1 2 3 4 
Structure 818: 2 4 3 1 
	-> 1 2 3 4 
Structure 819: 2 24 5 4 3 1 
	-> 1 2 3 4 5 
Structure 820: 2 13 9 8 1 
	-> 1 2 
Structure 821: 2 5 4 3 7 6 1 
	-> 1 2 3 4 5 6 7 
Structure 822: 2 4 3 7 6 1 
	-> 1 2 3 4 6 7 
Structure 823: 2 5 4 3 12 1 
	-> 1 2 3 4 5 
Structure 824: 2 5 4 3 1 
	-> 1 2 3 4 5 
Structure 825: 2 4 3 7 6 1 
	-> 1 2 3 4 6 7 
Structure 826: 2 5 4 3 7 6 1 
	-> 1 2 3 4 5 6 7 
Structure 827: 2 5 4 3 6 1 
	-> 1 2 3 4 5 6 
Structure 828: 2 5 4 3 6 1 
	-> 1 2 3 4 5 6 
Structure 829: 2 5 4 3 6 1 
	-> 1 2 3 4 5 6 
Structure 830: 2 5 4 3 6 1 
	-> 1 2 3 4 5 6 
Structure 831: 2 5 4 3 1 
	-> 1 2 3 4 5 
Structure 832: 2 5 4 3 1 
	-> 1 2 3 4 5 
Structure 833: 2 22 49 21 3 51 
	-> 2 3 
Structure 834: 2 5 4 3 7 6 1 
	-> 1 2 3 4 5 6 7 
Structure 835: 2 28 4 3 1 
	-> 1 2 3 4 
Structure 836: 2 5 4 3 1 
	-> 1 2 3 4 5 
Structure 837: 2 13 9 8 1 
	-> 1 2 
Structure 838: 2 64 4 3 1 
	-> 1 2 3 4 
Structure 839: 2 5 3 7 6 1 
	-> 1 2 3 5 6 7 
Structure 840: 2 5 4 3 7 6 1 
	-> 1 2 3 4 5 6 7 
Structure 841: 2 5 4 3 1 
	-> 1 2 3 4 5 
Structure 842: 2 15 4 3 1 
	-> 1 2 3 4 
Structure 843: 2 5 4 3 18 12 1 
	-> 1 2 3 4 5 
Structure 844: 2 5 4 3 7 6 1 
	-> 1 2 3 4 5 6 7 
Structure 845: 2 5 4 65 3 6 1 
	-> 1 2 3 4 5 6 
Structure 846: 2 5 4 3 7 6 1 
	-> 1 2 3 4 5 6 7 
Structure 847: 2 4 3 7 6 1 
	-> 1 2 3 4 6 7 
Structure 848: 2 5 4 3 1 
	-> 1 2 3 4 5 
Structure 849: 2 5 4 3 12 1 
	-> 1 2 3 4 5 
Structure 850: 2 5 4 3 6 1 
	-> 1 2 3 4 5 6 
Structure 851: 2 5 4 3 12 1 
	-> 1 2 3 4 5 
Structure 852: 2 5 4 3 12 1 
	-> 1 2 3 4 5 
Structure 853: 2 5 4 3 1 
	-> 1 2 3 4 5 
Structure 854: 2 4 3 7 6 1 
	-> 1 2 3 4 6 7 
Structure 855: 2 4 3 7 1 
	-> 1 2 3 4 7 
Structure 856: 2 5 4 3 6 1 
	-> 1 2 3 4 5 6 
Structure 857: 2 5 4 3 7 6 1 
	-> 1 2 3 4 5 6 7 
Structure 858: 2 5 4 3 7 6 1 
	-> 1 2 3 4 5 6 7 
Structure 859: 2 5 4 3 6 1 
	-> 1 2 3 4 5 6 
Structure 860: 2 5 4 3 1 
	-> 1 2 3 4 5 
Structure 861: 2 5 4 3 7 6 1 
	-> 1 2 3 4 5 6 7 
Structure 862: 2 5 4 3 1 
	-> 1 2 3 4 5 
Structure 863: 2 4 3 1 
	-> 1 2 3 4 
Structure 864: 2 13 9 8 1 
	-> 1 2 
Structure 865: 2 5 4 3 6 1 
	-> 1 2 3 4 5 6 
Structure 866: 2 4 3 10 11 1 
	-> 1 2 3 4 
Structure 867: 2 5 4 3 1 
	-> 1 2 3 4 5 
Structure 868: 2 5 4 3 6 1 
	-> 1 2 3 4 5 6 
Structure 869: 2 5 4 3 7 6 1 
	-> 1 2 3 4 5 6 7 
Structure 870: 2 5 4 3 1 
	-> 1 2 3 4 5 
Structure 871: 2 5 4 3 7 6 1 
	-> 1 2 3 4 5 6 7 
Structure 872: 2 4 3 6 1 
	-> 1 2 3 4 6 
Structure 873: 2 4 3 1 
	-> 1 2 3 4 
Structure 874: 2 5 4 3 6 1 
	-> 1 2 3 4 5 6 
Structure 875: 2 4 3 11 1 
	-> 1 2 3 4 
Structure 876: 2 5 4 3 1 
	-> 1 2 3 4 5 
Structure 877: 2 5 4 3 1 
	-> 1 2 3 4 5 
Structure 878: 2 23 43 3 7 6 1 
	-> 1 2 3 6 7 
Structure 879: 2 4 3 1 
	-> 1 2 3 4 
Structure 880: 2 4 3 1 
	-> 1 2 3 4 
Structure 881: 2 5 4 3 7 6 1 
	-> 1 2 3 4 5 6 7 
Structure 882: 2 5 4 3 7 6 1 
	-> 1 2 3 4 5 6 7 
Structure 883: 2 5 4 3 12 1 
	-> 1 2 3 4 5 
Structure 884: 2 5 4 3 1 
	-> 1 2 3 4 5 
Structure 885: 2 5 4 3 1 
	-> 1 2 3 4 5 
Structure 886: 2 5 4 3 1 
	-> 1 2 3 4 5 
Structure 887: 2 5 4 3 1 
	-> 1 2 3 4 5 
Structure 888: 2 5 4 3 6 1 
	-> 1 2 3 4 5 6 
Structure 889: 2 28 4 3 1 
	-> 1 2 3 4 
Structure 890: 2 5 4 3 1 
	-> 1 2 3 4 5 
Structure 891: 2 5 4 3 1 
	-> 1 2 3 4 5 
Structure 892: 2 4 50 3 6 1 
	-> 1 2 3 4 6 
Structure 893: 2 5 4 3 6 1 
	-> 1 2 3 4 5 6 
Structure 894: 2 28 4 3 12 1 
	-> 1 2 3 4 
Structure 895: 2 13 9 8 14 1 
	-> 1 2 
Structure 896: 2 4 3 1 
	-> 1 2 3 4 
Structure 897: 2 4 3 6 1 
	-> 1 2 3 4 6 
Structure 898: 2 9 8 6 1 
	-> 1 2 6 
Structure 899: 25 34 26 35 27 5 4 1 
	-> 1 4 5 
Structure 900: 2 5 4 3 6 1 
	-> 1 2 3 4 5 6 
Structure 901: 2 4 3 7 6 1 
	-> 1 2 3 4 6 7 
Structure 902: 2 5 4 3 1 
	-> 1 2 3 4 5 
Structure 903: 2 4 3 7 6 1 
	-> 1 2 3 4 6 7 
Structure 904: 2 5 4 3 1 
	-> 1 2 3 4 5 
Structure 905: 2 4 3 7 6 1 
	-> 1 2 3 4 6 7 
Structure 906: 2 5 4 3 10 1 
	-> 1 2 3 4 5 
Structure 907: 2 5 4 3 7 6 1 
	-> 1 2 3 4 5 6 7 
Structure 908: 2 5 4 3 1 
	-> 1 2 3 4 5 
Structure 909: 2 5 4 3 1 
	-> 1 2 3 4 5 
Structure 910: 2 5 4 3 7 6 1 
	-> 1 2 3 4 5 6 7 
Structure 911: 2 5 4 3 16 7 6 1 
	-> 1 2 3 4 5 6 7 
Structure 912: 2 22 21 3 1 
	-> 1 2 3 
Structure 913: 2 4 3 1 
	-> 1 2 3 4 
Structure 914: 2 5 4 3 6 1 
	-> 1 2 3 4 5 6 
Structure 915: 2 5 4 3 6 1 
	-> 1 2 3 4 5 6 
Structure 916: 2 5 4 3 1 
	-> 1 2 3 4 5 
Structure 917: 2 5 4 3 1 
	-> 1 2 3 4 5 
Structure 918: 2 5 4 3 6 1 
	-> 1 2 3 4 5 6 
Structure 919: 2 4 3 7 6 1 
	-> 1 2 3 4 6 7 
Structure 920: 2 4 3 7 6 1 
	-> 1 2 3 4 6 7 
Structure 921: 2 5 4 3 66 1 
	-> 1 2 3 4 5 
Structure 922: 2 5 4 3 6 1 
	-> 1 2 3 4 5 6 
Structure 923: 2 4 3 1 
	-> 1 2 3 4 
Structure 924: 2 5 4 3 6 1 
	-> 1 2 3 4 5 6 
Structure 925: 2 5 4 3 6 1 
	-> 1 2 3 4 5 6 
Structure 926: 2 5 4 3 1 
	-> 1 2 3 4 5 
Structure 927: 2 5 4 3 7 6 1 
	-> 1 2 3 4 5 6 7 
Structure 928: 2 13 9 8 6 1 
	-> 1 2 6 
Structure 929: 2 4 3 10 1 
	-> 1 2 3 4 
Structure 930: 2 5 4 3 7 6 1 
	-> 1 2 3 4 5 6 7 
Structure 931: 2 9 8 14 1 
	-> 1 2 
Structure 932: 2 5 4 3 10 1 
	-> 1 2 3 4 5 
Structure 933: 2 4 3 1 30 
	-> 1 2 3 4 
Structure 934: 2 5 4 3 7 6 1 
	-> 1 2 3 4 5 6 7 
Structure 935: 2 4 19 3 1 30 
	-> 1 2 3 4 
Structure 936: 2 5 4 3 1 
	-> 1 2 3 4 5 
Structure 937: 2 4 3 1 
	-> 1 2 3 4 
Structure 938: 2 4 3 7 6 1 
	-> 1 2 3 4 6 7 
Structure 939: 2 4 3 1 
	-> 1 2 3 4 
Structure 940: 2 5 4 3 7 6 1 
	-> 1 2 3 4 5 6 7 
Structure 941: 2 5 4 3 7 6 1 
	-> 1 2 3 4 5 6 7 
Structure 942: 2 67 5 4 3 1 
	-> 1 2 3 4 5 
Structure 943: 2 5 4 3 10 6 1 
	-> 1 2 3 4 5 6 
Structure 944: 2 4 3 6 1 
	-> 1 2 3 4 6 
Structure 945: 2 5 4 3 7 6 1 
	-> 1 2 3 4 5 6 7 
Structure 946: 2 5 4 3 6 1 
	-> 1 2 3 4 5 6 
Structure 947: 2 4 3 1 
	-> 1 2 3 4 
Structure 948: 2 5 4 3 6 1 
	-> 1 2 3 4 5 6 
Structure 949: 2 9 8 1 
	-> 1 2 
Structure 950: 2 4 3 7 6 1 
	-> 1 2 3 4 6 7 
Structure 951: 2 4 3 7 6 1 
	-> 1 2 3 4 6 7 
Structure 952: 2 5 4 3 7 6 1 
	-> 1 2 3 4 5 6 7 
Structure 953: 2 5 4 3 17 1 
	-> 1 2 3 4 5 
Structure 954: 2 9 8 7 6 1 
	-> 1 2 6 7 
Structure 955: 2 31 21 3 1 
	-> 1 2 3 
Structure 956: 2 4 3 6 1 
	-> 1 2 3 4 6 
Structure 957: 2 20 5 4 3 1 
	-> 1 2 3 4 5 
Structure 958: 2 5 4 3 7 6 1 
	-> 1 2 3 4 5 6 7 
Structure 959: 2 4 3 7 6 1 
	-> 1 2 3 4 6 7 
Structure 960: 2 5 4 3 1 
	-> 1 2 3 4 5 
Structure 961: 2 4 3 1 
	-> 1 2 3 4 
Structure 962: 2 9 8 37 6 1 
	-> 1 2 6 
Structure 963: 2 5 4 3 7 1 
	-> 1 2 3 4 5 7 
Structure 964: 2 5 4 3 1 
	-> 1 2 3 4 5 
Structure 965: 2 5 4 3 1 
	-> 1 2 3 4 5 
Structure 966: 2 13 9 8 14 1 
	-> 1 2 
Structure 967: 2 5 4 3 7 6 1 
	-> 1 2 3 4 5 6 7 
Structure 968: 2 5 4 3 7 6 1 
	-> 1 2 3 4 5 6 7 
Structure 969: 2 5 4 3 7 6 1 
	-> 1 2 3 4 5 6 7 
Structure 970: 2 4 3 7 6 1 
	-> 1 2 3 4 6 7 
Structure 971: 2 5 4 3 1 
	-> 1 2 3 4 5 
Structure 972: 2 5 4 3 1 
	-> 1 2 3 4 5 
Structure 973: 2 5 4 3 1 
	-> 1 2 3 4 5 
Structure 974: 2 5 4 3 1 
	-> 1 2 3 4 5 
Structure 975: 2 5 4 3 1 
	-> 1 2 3 4 5 
Structure 976: 2 9 32 8 6 1 
	-> 1 2 6 
Structure 977: 2 5 4 3 7 6 1 
	-> 1 2 3 4 5 6 7 
Structure 978: 2 4 3 7 6 1 
	-> 1 2 3 4 6 7 
Structure 979: 2 5 4 3 7 6 1 
	-> 1 2 3 4 5 6 7 
Structure 980: 2 5 4 3 1 
	-> 1 2 3 4 5 
Structure 981: 2 5 4 3 1 
	-> 1 2 3 4 5 
Structure 982: 2 4 3 6 1 
	-> 1 2 3 4 6 
Structure 983: 2 5 4 3 6 1 
	-> 1 2 3 4 5 6 
Structure 984: 2 5 4 3 7 6 1 
	-> 1 2 3 4 5 6 7 
Structure 985: 2 9 8 14 1 
	-> 1 2 
Structure 986: 2 5 4 3 7 1 
	-> 1 2 3 4 5 7 
Structure 987: 2 8 3 18 6 1 
	-> 1 2 3 6 
Structure 988: 2 4 3 6 1 
	-> 1 2 3 4 6 
Structure 989: 2 15 4 3 7 6 1 
	-> 1 2 3 4 6 7 
Structure 990: 2 5 4 3 1 
	-> 1 2 3 4 5 
Structure 991: 2 5 4 3 7 6 1 
	-> 1 2 3 4 5 6 7 
Structure 992: 2 5 4 3 6 1 
	-> 1 2 3 4 5 6 
Structure 993: 2 4 3 7 6 1 
	-> 1 2 3 4 6 7 
Structure 994: 2 5 4 3 10 6 1 
	-> 1 2 3 4 5 6 
Structure 995: 2 5 4 3 1 
	-> 1 2 3 4 5 
Structure 996: 2 4 3 17 36 1 
	-> 1 2 3 4 
Structure 997: 25 39 26 35 27 5 4 1 
	-> 1 4 5 
Structure 998: 2 68 5 4 41 7 1 
	-> 1 2 4 5 7 
Structure 999: 2 4 3 7 6 1 
	-> 1 2 3 4 6 7 
Structure 1000: 2 5 4 3 10 11 1 
	-> 1 2 3 4 5 
